<?xml version="1.0" encoding="utf-8"?><testsuites name="pytest tests"><testsuite name="pytest" errors="0" failures="0" skipped="0" tests="15" time="5.062" timestamp="2026-04-08T20:41:32.664741+00:00" hostname="agent-env-b412e5ea-fa77-44fd-b7b8-42d150a15c09"><testcase classname="tests.test_notifications_smtp.TestAuth" name="test_login_success" time="0.488" /><testcase classname="tests.test_notifications_smtp.TestAuth" name="test_login_invalid_credentials" time="0.338" /><testcase classname="tests.test_notifications_smtp.TestNotifications" name="test_get_notifications" time="0.465" /><testcase classname="tests.test_notifications_smtp.TestNotifications" name="test_get_notifications_unread_only" time="0.127" /><testcase classname="tests.test_notifications_smtp.TestNotifications" name="test_mark_all_notifications_read" time="0.142" /><testcase classname="tests.test_notifications_smtp.TestNotifications" name="test_notifications_unauthorized" time="0.177" /><testcase classname="tests.test_notifications_smtp.TestSmtpConfig" name="test_get_smtp_config" time="0.439" /><testcase classname="tests.test_notifications_smtp.TestSmtpConfig" name="test_save_smtp_config" time="0.250" /><testcase classname="tests.test_notifications_smtp.TestSmtpConfig" name="test_smtp_config_unauthorized" time="0.189" /><testcase classname="tests.test_notifications_smtp.TestEmailTemplates" name="test_get_email_templates" time="0.454" /><testcase classname="tests.test_notifications_smtp.TestEmailTemplates" name="test_save_email_templates" time="0.244" /><testcase classname="tests.test_notifications_smtp.TestEmailTemplates" name="test_email_templates_unauthorized" time="0.137" /><testcase classname="tests.test_notifications_smtp.TestTestEmail" name="test_send_test_email_no_smtp_config" time="0.625" /><testcase classname="tests.test_notifications_smtp.TestTestEmail" name="test_test_email_unauthorized" time="0.118" /><testcase classname="tests.test_notifications_smtp.TestAlarmNotificationCreation" name="test_alarm_creates_notification" time="0.738" /></testsuite></testsuites>